<?xml version="1.0" encoding="UTF-8"?>
<!-- Generated by org.testng.reporters.JUnitReportReporter -->
<testsuite hostname="PARAMEEDILANKA-laptop" failures="0" tests="3" name="tests.PatchPutAndDeleteExample" time="3.201" errors="0" timestamp="2024-05-14T14:03:04 IST" skipped="0">
  <testcase classname="tests.PatchPutAndDeleteExample" name="testPut" time="0.712"/>
  <testcase classname="tests.PatchPutAndDeleteExample" name="testDelete" time="1.954"/>
  <testcase classname="tests.PatchPutAndDeleteExample" name="testPatch" time="0.535"/>
</testsuite> <!-- tests.PatchPutAndDeleteExample -->
