<?xml version="1.0" encoding="UTF-8"?>
<!-- Generated by org.testng.reporters.JUnitReportReporter -->
<testsuite hostname="PARAMEEDILANKA-laptop" failures="0" tests="1" name="tests.SoapXMLRequest" time="3.049" errors="0" timestamp="2024-05-15T20:31:41 IST" skipped="0">
  <testcase classname="tests.SoapXMLRequest" name="validateSoapXML" time="3.049"/>
</testsuite> <!-- tests.SoapXMLRequest -->
