<?xml version="1.0" encoding="UTF-8"?>
<!-- Generated by org.testng.reporters.JUnitReportReporter -->
<testsuite hostname="PARAMEEDILANKA-laptop" failures="0" tests="1" name="tests.JSONSchemaValidator" time="2.798" errors="0" timestamp="2024-05-15T12:07:46 IST" skipped="0">
  <testcase classname="tests.JSONSchemaValidator" name="testGet" time="2.798"/>
</testsuite> <!-- tests.JSONSchemaValidator -->
